<?xml version="1.0" encoding="UTF-8"?>
<testng-results skipped="0" failed="0" ignored="1" total="2" passed="1">
  <reporter-output>
  </reporter-output>
  <suite name="Default suite" duration-ms="14108" started-at="2020-07-14T21:35:37 EDT" finished-at="2020-07-14T21:35:51 EDT">
    <groups>
      <group name="Random">
        <method signature="Demo2.AmazonSearch()[pri:0, instance:testSets.Demo2@9660f4e]" name="AmazonSearch" class="testSets.Demo2"/>
      </group> <!-- Random -->
      <group name="june15thFailure">
        <method signature="Demo2.AmazonSearch()[pri:0, instance:testSets.Demo2@9660f4e]" name="AmazonSearch" class="testSets.Demo2"/>
      </group> <!-- june15thFailure -->
      <group name="az001">
        <method signature="Demo2.AmazonSearch()[pri:0, instance:testSets.Demo2@9660f4e]" name="AmazonSearch" class="testSets.Demo2"/>
      </group> <!-- az001 -->
      <group name="AZtest">
        <method signature="Demo2.AmazonSearch()[pri:0, instance:testSets.Demo2@9660f4e]" name="AmazonSearch" class="testSets.Demo2"/>
      </group> <!-- AZtest -->
    </groups>
    <test name="Default test" duration-ms="14108" started-at="2020-07-14T21:35:37 EDT" finished-at="2020-07-14T21:35:51 EDT">
      <class name="testSets.Demo2">
        <test-method status="PASS" signature="SetuoReporter()[pri:0, instance:testSets.Demo2@9660f4e]" name="SetuoReporter" is-config="true" duration-ms="273" started-at="2020-07-14T21:35:37 EDT" finished-at="2020-07-14T21:35:37 EDT">
          <reporter-output>
          </reporter-output>
        </test-method> <!-- SetuoReporter -->
        <test-method status="PASS" signature="BeforeMethods()[pri:0, instance:testSets.Demo2@9660f4e]" name="BeforeMethods" is-config="true" duration-ms="5189" started-at="2020-07-14T21:35:37 EDT" finished-at="2020-07-14T21:35:42 EDT">
          <reporter-output>
          </reporter-output>
        </test-method> <!-- BeforeMethods -->
        <test-method status="PASS" signature="AmazonSearch()[pri:0, instance:testSets.Demo2@9660f4e]" name="AmazonSearch" duration-ms="8511" started-at="2020-07-14T21:35:42 EDT" finished-at="2020-07-14T21:35:51 EDT">
          <reporter-output>
          </reporter-output>
        </test-method> <!-- AmazonSearch -->
        <test-method status="PASS" signature="AFTERMETHODS(org.testng.ITestResult)[pri:0, instance:testSets.Demo2@9660f4e]" name="AFTERMETHODS" is-config="true" duration-ms="355" started-at="2020-07-14T21:35:51 EDT" finished-at="2020-07-14T21:35:51 EDT">
          <params>
            <param index="0">
              <value>
                <![CDATA[[TestResult name=AmazonSearch status=SUCCESS method=Demo2.AmazonSearch()[pri:0, instance:testSets.Demo2@9660f4e] output={null}]]]>
              </value>
            </param>
          </params>
          <reporter-output>
          </reporter-output>
        </test-method> <!-- AFTERMETHODS -->
        <test-method status="PASS" signature="cleanup()[pri:0, instance:testSets.Demo2@9660f4e]" name="cleanup" is-config="true" duration-ms="989" started-at="2020-07-14T21:35:51 EDT" finished-at="2020-07-14T21:35:52 EDT">
          <reporter-output>
          </reporter-output>
        </test-method> <!-- cleanup -->
      </class> <!-- testSets.Demo2 -->
    </test> <!-- Default test -->
  </suite> <!-- Default suite -->
</testng-results>
